<?xml version="1.0" encoding="UTF-8" ?>
<testsuite errors="0" failures="0" hostname="WIN-FMJVCE5V3MK" name="BlahTest" tests="1" time="0.171" timestamp="2012-02-22T12:50:18">
  <properties>
    <property name="file.encoding.pkg" value="sun.io" />
    <property name="ivy.retrieve.pattern.ivy.instance" value="target/lib/[artifact]-[revision](-[classifier]).[ext]" />
    <property name="java.vendor.url.ivy.instance" value="http://java.sun.com/" />
    <property name="ivy.project.dir.ivy.instance" value="Z:\VmShare\Win7x64\workspace\TranscodingCore\framezap-web" />
    <property name="ivy.resolve.default.type.filter" value="*" />
    <property name="java.home" value="C:\Program Files\Java\jdk1.6.0_26\jre" />
    <property name="ivy.configurations.ivy.instance" value="*" />
    <property name="ivy.basedir.ivy.instance" value="Z:\VmShare\Win7x64\workspace\TranscodingCore\framezap-web" />
    <property name="ivy.dep.file.ivy.instance" value="ivy.xml" />
    <property name="project.ivy.reports" value="target/test-reports/ivy" />
    <property name="ant.file.type.framezap-web" value="file" />
    <property name="java.endorsed.dirs" value="C:\Program Files\Java\jdk1.6.0_26\jre\lib\endorsed" />
    <property name="java.class.path.ivy.instance" value="C:\dev\pixelsimple\ant\apache-ant-1.8.2\lib\ant-launcher.jar;Z:\VmShare\Win7x64\workspace\TranscodingCore\framezap-web\.\;C:\Program Files (x86)\Java\jre1.5.0\lib\ext\QTJava.zip;C:\dev\pixelsimple\ant\apache-ant-1.8.2\lib\ant-antlr.jar;C:\dev\pixelsimple\ant\apache-ant-1.8.2\lib\ant-apache-bcel.jar;C:\dev\pixelsimple\ant\apache-ant-1.8.2\lib\ant-apache-bsf.jar;C:\dev\pixelsimple\ant\apache-ant-1.8.2\lib\ant-apache-log4j.jar;C:\dev\pixelsimple\ant\apache-ant-1.8.2\lib\ant-apache-oro.jar;C:\dev\pixelsimple\ant\apache-ant-1.8.2\lib\ant-apache-regexp.jar;C:\dev\pixelsimple\ant\apache-ant-1.8.2\lib\ant-apache-resolver.jar;C:\dev\pixelsimple\ant\apache-ant-1.8.2\lib\ant-apache-xalan2.jar;C:\dev\pixelsimple\ant\apache-ant-1.8.2\lib\ant-commons-logging.jar;C:\dev\pixelsimple\ant\apache-ant-1.8.2\lib\ant-commons-net.jar;C:\dev\pixelsimple\ant\apache-ant-1.8.2\lib\ant-contrib-1.0b3.jar;C:\dev\pixelsimple\ant\apache-ant-1.8.2\lib\ant-jai.jar;C:\dev\pixelsimple\ant\apache-ant-1.8.2\lib\ant-javamail.jar;C:\dev\pixelsimple\ant\apache-ant-1.8.2\lib\ant-jdepend.jar;C:\dev\pixelsimple\ant\apache-ant-1.8.2\lib\ant-jmf.jar;C:\dev\pixelsimple\ant\apache-ant-1.8.2\lib\ant-jsch.jar;C:\dev\pixelsimple\ant\apache-ant-1.8.2\lib\ant-junit.jar;C:\dev\pixelsimple\ant\apache-ant-1.8.2\lib\ant-junit4.jar;C:\dev\pixelsimple\ant\apache-ant-1.8.2\lib\ant-launcher.jar;C:\dev\pixelsimple\ant\apache-ant-1.8.2\lib\ant-netrexx.jar;C:\dev\pixelsimple\ant\apache-ant-1.8.2\lib\ant-swing.jar;C:\dev\pixelsimple\ant\apache-ant-1.8.2\lib\ant-testutil.jar;C:\dev\pixelsimple\ant\apache-ant-1.8.2\lib\ant.jar;C:\dev\pixelsimple\ant\apache-ant-1.8.2\lib\ivy-2.2.0.jar;C:\Program Files\Java\jdk1.6.0_26\lib\tools.jar" />
    <property name="ivy.home" value="C:\Users\Shad0wfax\.ivy2" />
    <property name="project.orgName" value="pixelsimple" />
    <property name="java.vm.specification.vendor.ivy.instance" value="Sun Microsystems Inc." />
    <property name="sun.os.patch.level" value="" />
    <property name="ivy.dep.file" value="ivy.xml" />
    <property name="java.vendor.url" value="http://java.sun.com/" />
    <property name="ivy.lib.dir.ivy.instance" value="Z:\VmShare\Win7x64\workspace\TranscodingCore\framezap-web/lib" />
    <property name="java.version" value="1.6.0_26" />
    <property name="ivy.conf.dir.ivy.instance" value="Z:\VmShare\Win7x64\workspace\TranscodingCore\commons-build" />
    <property name="sun.boot.library.path.ivy.instance" value="C:\Program Files\Java\jdk1.6.0_26\jre\bin" />
    <property name="ivy.report.output.pattern.ivy.instance" value="[organisation]-[module]-[conf].[ext]" />
    <property name="project.skipAllReports" value="true" />
    <property name="project.coverage.instrumented.dir" value="target/instrumented" />
    <property name="ivy.module" value="framezap-web" />
    <property name="ivy.publish.src.artifacts.pattern.ivy.instance" value="target/[type]s/[artifact]-[revision](-[classifier]).[ext]" />
    <property name="ivy.runtime.lib.dir" value="target/lib/default" />
    <property name="java.vendor.url.bug" value="http://java.sun.com/cgi-bin/bugreport.cgi" />
    <property name="sun.management.compiler.ivy.instance" value="HotSpot 64-Bit Tiered Compilers" />
    <property name="ant.project.invoked-targets" value="publish-with-ivy" />
    <property name="project.build.jarDir" value="target/jars" />
    <property name="os.name.ivy.instance" value="Windows 7" />
    <property name="ivy.default.ivy.user.dir.ivy.instance" value="C:\Users\Shad0wfax\.ivy2" />
    <property name="ivy.default.always.check.exact.revision" value="false" />
    <property name="ivy.default.settings.dir.ivy.instance" value="jar:file:/C:/dev/pixelsimple/ant/apache-ant-1.8.2/lib/ivy-2.2.0.jar!/org/apache/ivy/core/settings" />
    <property name="user.name" value="Shad0wfax" />
    <property name="sun.io.unicode.encoding" value="UnicodeLittle" />
    <property name="sun.jnu.encoding" value="Cp1252" />
    <property name="java.runtime.name" value="Java(TM) SE Runtime Environment" />
    <property name="ant.home.ivy.instance" value="C:\dev\pixelsimple\ant\apache-ant-1.8.2" />
    <property name="file.encoding.ivy.instance" value="Cp1252" />
    <property name="ivy.cache.ttl.default.ivy.instance" value="10s" />
    <property name="ivy.conf.file.ivy.instance" value="Z:\VmShare\Win7x64\workspace\TranscodingCore\commons-build\ivysettings.xml" />
    <property name="java.specification.vendor.ivy.instance" value="Sun Microsystems Inc." />
    <property name="java.vendor.ivy.instance" value="Sun Microsystems Inc." />
    <property name="sun.cpu.isalist.ivy.instance" value="amd64" />
    <property name="java.specification.name" value="Java Platform API Specification" />
    <property name="project.reporting.outputDirectory" value="target/site" />
    <property name="user.timezone" value="" />
    <property name="project.build.dir" value="target" />
    <property name="java.endorsed.dirs.ivy.instance" value="C:\Program Files\Java\jdk1.6.0_26\jre\lib\endorsed" />
    <property name="path.separator" value=";" />
    <property name="project.coverage.cobertura.ser.file" value="target/instrumented/cobertura.ser" />
    <property name="java.class.version.ivy.instance" value="50.0" />
    <property name="ivy.default.conf.dir" value="jar:file:/C:/dev/pixelsimple/ant/apache-ant-1.8.2/lib/ivy-2.2.0.jar!/org/apache/ivy/core/settings" />
    <property name="file.encoding" value="Cp1252" />
    <property name="java.runtime.name.ivy.instance" value="Java(TM) SE Runtime Environment" />
    <property name="ivy.resolve.default.type.filter.ivy.instance" value="*" />
    <property name="ant.project.default-target" value="publish-with-ivy" />
    <property name="ivy.targets.copied" value="true" />
    <property name="sun.java.command" value="org.apache.tools.ant.taskdefs.optional.junit.JUnitTestRunner BlahTest filtertrace=true haltOnError=true haltOnFailure=true formatter=org.apache.tools.ant.taskdefs.optional.junit.SummaryJUnitResultFormatter showoutput=false outputtoformatters=true logfailedtests=true logtestlistenerevents=false formatter=org.apache.tools.ant.taskdefs.optional.junit.XMLJUnitResultFormatter,Z:\VmShare\Win7x64\workspace\TranscodingCore\framezap-web\target\test-reports\TEST-BlahTest.xml formatter=org.apache.tools.ant.taskdefs.optional.junit.PlainJUnitResultFormatter crashfile=Z:\VmShare\Win7x64\workspace\TranscodingCore\framezap-web\junitvmwatcher5843269809242525410.properties propsfile=Z:\VmShare\Win7x64\workspace\TranscodingCore\framezap-web\junit957936076189323388.properties" />
    <property name="ant.file" value="Z:\VmShare\Win7x64\workspace\TranscodingCore\framezap-web\build.xml" />
    <property name="ivy.distrib.dir.ivy.instance" value="Z:\VmShare\Win7x64\workspace\TranscodingCore\framezap-web/distrib" />
    <property name="ivy.checksums.ivy.instance" value="sha1,md5" />
    <property name="sun.arch.data.model.ivy.instance" value="64" />
    <property name="ivy.build.artifacts.dir.ivy.instance" value="Z:\VmShare\Win7x64\workspace\TranscodingCore\framezap-web/build/artifacts" />
    <property name="user.variant.ivy.instance" value="" />
    <property name="ivy.settings.file" value="ivysettings.xml" />
    <property name="java.io.tmpdir" value="C:\Users\SHAD0W~1\AppData\Local\Temp\" />
    <property name="ivy.buildlist.ivyfilepath.ivy.instance" value="ivy.xml" />
    <property name="ivy.cache.ttl.default" value="10s" />
    <property name="user.language" value="en" />
    <property name="user.dir.ivy.instance" value="Z:\VmShare\Win7x64\workspace\TranscodingCore\framezap-web" />
    <property name="ivy.home.ivy.instance" value="C:\Users\Shad0wfax\.ivy2" />
    <property name="line.separator" value="
" />
    <property name="java.specification.version.ivy.instance" value="1.6" />
    <property name="project.build.directory" value="target" />
    <property name="ant.file.type" value="file" />
    <property name="ivy.build.artifacts.dir" value="Z:\VmShare\Win7x64\workspace\TranscodingCore\framezap-web/build/artifacts" />
    <property name="sun.io.unicode.encoding.ivy.instance" value="UnicodeLittle" />
    <property name="ivy.status" value="integration" />
    <property name="java.vm.info" value="mixed mode" />
    <property name="ivy.lib.dir" value="target/lib" />
    <property name="sun.desktop" value="windows" />
    <property name="java.vm.specification.name" value="Java Virtual Machine Specification" />
    <property name="ivy.default.conf.dir.ivy.instance" value="jar:file:/C:/dev/pixelsimple/ant/apache-ant-1.8.2/lib/ivy-2.2.0.jar!/org/apache/ivy/core/settings" />
    <property name="ant.file.abstract-ant-jar-build" value="Z:\VmShare\Win7x64\workspace\TranscodingCore\commons-build\ant-build.xml" />
    <property name="java.vm.version.ivy.instance" value="20.1-b02" />
    <property name="project.test.reports" value="target/test-reports" />
    <property name="project.build.resourceDir" value="src/main/resources" />
    <property name="user.name.ivy.instance" value="Shad0wfax" />
    <property name="project.build.testResourceDir" value="src/test/resources" />
    <property name="ivy.cache.dir" value="C:\Users\Shad0wfax/.ivy2/cache" />
    <property name="project.build.srcDir" value="src/main/java" />
    <property name="java.awt.printerjob" value="sun.awt.windows.WPrinterJob" />
    <property name="ant.file.framezap-web" value="Z:\VmShare\Win7x64\workspace\TranscodingCore\framezap-web\build.xml" />
    <property name="java.io.tmpdir.ivy.instance" value="C:\Users\SHAD0W~1\AppData\Local\Temp\" />
    <property name="ant.version" value="Apache Ant(TM) version 1.8.2 compiled on December 20 2010" />
    <property name="java.home.ivy.instance" value="C:\Program Files\Java\jdk1.6.0_26\jre" />
    <property name="java.vm.vendor.ivy.instance" value="Sun Microsystems Inc." />
    <property name="ivy.default.settings.dir" value="jar:file:/C:/dev/pixelsimple/ant/apache-ant-1.8.2/lib/ivy-2.2.0.jar!/org/apache/ivy/core/settings" />
    <property name="ivy.configurations" value="*" />
    <property name="project.settings.offline" value="false" />
    <property name="ivy.settings.url" value="file:/Z:/VmShare/Win7x64/workspace/TranscodingCore/commons-build/ivysettings.xml" />
    <property name="os.name" value="Windows 7" />
    <property name="java.specification.vendor" value="Sun Microsystems Inc." />
    <property name="sun.jnu.encoding.ivy.instance" value="Cp1252" />
    <property name="ivy.deliver.ivy.pattern.ivy.instance" value="target/[type]s/[artifact]-[revision](-[classifier]).[ext]" />
    <property name="ivy.checksums" value="sha1,md5" />
    <property name="java.vm.name" value="Java HotSpot(TM) 64-Bit Server VM" />
    <property name="ivy.log.modules.in.use" value="false" />
    <property name="java.runtime.version.ivy.instance" value="1.6.0_26-b03" />
    <property name="ivy.report.output.pattern" value="[organisation]-[module]-[conf].[ext]" />
    <property name="ivy.version" value="2.2.0" />
    <property name="java.library.path" value="C:\Program Files\Java\jdk1.6.0_26\jre\bin;C:\Windows\Sun\Java\bin;C:\Windows\system32;C:\Windows;C:\Program Files (x86)\Xuggle\bin;C:\Windows\system32;C:\Windows;C:\Windows\System32\Wbem;C:\Windows\System32\WindowsPowerShell\v1.0\;C:\Program Files (x86)\QuickTime\QTSystem\;C:\Program Files\TortoiseSVN\bin;C:\dev\pixelsimple\ant\apache-ant-1.8.2\\bin;C:\apache-maven-3.0.3\bin;C:\Program Files (x86)\WinMerge;C:\cygwin\bin;;." />
    <property name="ivy.conf.url" value="file:/Z:/VmShare/Win7x64/workspace/TranscodingCore/commons-build/ivysettings.xml" />
    <property name="java.vm.name.ivy.instance" value="Java HotSpot(TM) 64-Bit Server VM" />
    <property name="os.version.ivy.instance" value="6.1" />
    <property name="line.separator.ivy.instance" value="
" />
    <property name="ant.java.version" value="1.6" />
    <property name="sun.desktop.ivy.instance" value="windows" />
    <property name="sun.cpu.endian.ivy.instance" value="little" />
    <property name="java.vm.specification.name.ivy.instance" value="Java Virtual Machine Specification" />
    <property name="basedir" value="." />
    <property name="java.class.version" value="50.0" />
    <property name="ivy.settings.url.ivy.instance" value="file:/Z:/VmShare/Win7x64/workspace/TranscodingCore/commons-build/ivysettings.xml" />
    <property name="path.separator.ivy.instance" value=";" />
    <property name="sun.boot.class.path.ivy.instance" value="C:\Program Files\Java\jdk1.6.0_26\jre\lib\resources.jar;C:\Program Files\Java\jdk1.6.0_26\jre\lib\rt.jar;C:\Program Files\Java\jdk1.6.0_26\jre\lib\sunrsasign.jar;C:\Program Files\Java\jdk1.6.0_26\jre\lib\jsse.jar;C:\Program Files\Java\jdk1.6.0_26\jre\lib\jce.jar;C:\Program Files\Java\jdk1.6.0_26\jre\lib\charsets.jar;C:\Program Files\Java\jdk1.6.0_26\jre\lib\modules\jdk.boot.jar;C:\Program Files\Java\jdk1.6.0_26\jre\classes" />
    <property name="project.build.version" value="1.0-SNAPSHOT" />
    <property name="ant.home" value="C:\dev\pixelsimple\ant\apache-ant-1.8.2" />
    <property name="project.build.webAppDir" value="src/main/webapp" />
    <property name="project.build.zipDir" value="target/zips" />
    <property name="ivy.resolved.configurations" value="default, master, compile, provided, runtime, test, coverage, external, system, sources, javadoc, optional" />
    <property name="ivy.deliver.ivy.pattern" value="target/[type]s/[artifact]-[revision](-[classifier]).[ext]" />
    <property name="net.sourceforge.cobertura.datafile" value="Z:\VmShare\Win7x64\workspace\TranscodingCore\framezap-web\target\instrumented\cobertura.ser" />
    <property name="sun.boot.library.path" value="C:\Program Files\Java\jdk1.6.0_26\jre\bin" />
    <property name="ivy.default.always.check.exact.revision.ivy.instance" value="false" />
    <property name="java.library.path.ivy.instance" value="C:\Program Files\Java\jdk1.6.0_26\bin;C:\Windows\Sun\Java\bin;C:\Windows\system32;C:\Windows;C:\Program Files (x86)\Xuggle\bin;C:\Windows\system32;C:\Windows;C:\Windows\System32\Wbem;C:\Windows\System32\WindowsPowerShell\v1.0\;C:\Program Files (x86)\QuickTime\QTSystem\;C:\Program Files\TortoiseSVN\bin;C:\dev\pixelsimple\ant\apache-ant-1.8.2\\bin;C:\apache-maven-3.0.3\bin;C:\Program Files (x86)\WinMerge;C:\cygwin\bin;;." />
    <property name="awt.toolkit.ivy.instance" value="sun.awt.windows.WToolkit" />
    <property name="buildType" value="war" />
    <property name="ivy.basedir" value="Z:\VmShare\Win7x64\workspace\TranscodingCore\framezap-web" />
    <property name="sun.management.compiler" value="HotSpot 64-Bit Tiered Compilers" />
    <property name="java.awt.graphicsenv" value="sun.awt.Win32GraphicsEnvironment" />
    <property name="java.ext.dirs.ivy.instance" value="C:\Program Files\Java\jdk1.6.0_26\jre\lib\ext;C:\Windows\Sun\Java\lib\ext" />
    <property name="user.variant" value="" />
    <property name="ivy.log.modules.in.use.ivy.instance" value="false" />
    <property name="sun.os.patch.level.ivy.instance" value="" />
    <property name="file.encoding.pkg.ivy.instance" value="sun.io" />
    <property name="ivy.resolver.default.check.modified" value="false" />
    <property name="ivy.settings.file.ivy.instance" value="Z:\VmShare\Win7x64\workspace\TranscodingCore\commons-build\ivysettings.xml" />
    <property name="ivy.nb.targets.copied" value="19" />
    <property name="ant.project.name" value="framezap-web" />
    <property name="java.vm.specification.version" value="1.0" />
    <property name="project.commonsBuildDir" value="../commons-build" />
    <property name="ivy.status.ivy.instance" value="integration" />
    <property name="project.coverage.reports" value="target/test-reports/coverage" />
    <property name="awt.toolkit" value="sun.awt.windows.WToolkit" />
    <property name="sun.cpu.isalist" value="amd64" />
    <property name="project.moduleName" value="framezap-web" />
    <property name="file.separator.ivy.instance" value="\" />
    <property name="ivy.deps.changed" value="false" />
    <property name="java.ext.dirs" value="C:\Program Files\Java\jdk1.6.0_26\jre\lib\ext;C:\Windows\Sun\Java\lib\ext" />
    <property name="os.version" value="6.1" />
    <property name="user.home" value="C:\Users\Shad0wfax" />
    <property name="sun.java.launcher.ivy.instance" value="SUN_STANDARD" />
    <property name="java.vm.vendor" value="Sun Microsystems Inc." />
    <property name="project.build.outputDirectory" value="target/classes" />
    <property name="ivy.organisation" value="pixelsimple" />
    <property name="user.dir" value="Z:\VmShare\Win7x64\workspace\TranscodingCore\framezap-web" />
    <property name="ant.library.dir.ivy.instance" value="C:\dev\pixelsimple\ant\apache-ant-1.8.2\lib" />
    <property name="ivy.publish.src.artifacts.pattern" value="target/[type]s/[artifact]-[revision](-[classifier]).[ext]" />
    <property name="java.vm.info.ivy.instance" value="mixed mode" />
    <property name="sun.java.command.ivy.instance" value="org.apache.tools.ant.launch.Launcher -cp .;C:\Program Files (x86)\Java\jre1.5.0\lib\ext\QTJava.zip -Dproject.skipAllReports true" />
    <property name="ivy.distrib.dir" value="target" />
    <property name="sun.cpu.endian" value="little" />
    <property name="ivy.revision" value="1.0-SNAPSHOT" />
    <property name="user.timezone.ivy.instance" value="Asia/Calcutta" />
    <property name="project.build.testOutputDir" value="target/test-classes" />
    <property name="java.vm.version" value="20.1-b02" />
    <property name="java.class.path" value="Z:\VmShare\Win7x64\workspace\TranscodingCore\framezap-web\target\classes;Z:\VmShare\Win7x64\workspace\TranscodingCore\framezap-web\target\test-classes;Z:\VmShare\Win7x64\workspace\TranscodingCore\framezap-web\target\lib\coverage\ant-launcher.jar;Z:\VmShare\Win7x64\workspace\TranscodingCore\framezap-web\target\lib\coverage\ant.jar;Z:\VmShare\Win7x64\workspace\TranscodingCore\framezap-web\target\lib\coverage\asm-tree.jar;Z:\VmShare\Win7x64\workspace\TranscodingCore\framezap-web\target\lib\coverage\asm.jar;Z:\VmShare\Win7x64\workspace\TranscodingCore\framezap-web\target\lib\coverage\cobertura.jar;Z:\VmShare\Win7x64\workspace\TranscodingCore\framezap-web\target\lib\coverage\log4j.jar;Z:\VmShare\Win7x64\workspace\TranscodingCore\framezap-web\target\lib\coverage\oro.jar;Z:\VmShare\Win7x64\workspace\TranscodingCore\framezap-web\target\lib\default\app-core.jar;Z:\VmShare\Win7x64\workspace\TranscodingCore\framezap-web\target\lib\default\commons-command-runner.jar;Z:\VmShare\Win7x64\workspace\TranscodingCore\framezap-web\target\lib\default\commons-exec.jar;Z:\VmShare\Win7x64\workspace\TranscodingCore\framezap-web\target\lib\default\commons-media-info.jar;Z:\VmShare\Win7x64\workspace\TranscodingCore\framezap-web\target\lib\default\commons-util.jar;Z:\VmShare\Win7x64\workspace\TranscodingCore\framezap-web\target\lib\default\logback-classic.jar;Z:\VmShare\Win7x64\workspace\TranscodingCore\framezap-web\target\lib\default\logback-core.jar;Z:\VmShare\Win7x64\workspace\TranscodingCore\framezap-web\target\lib\default\slf4j-api.jar;Z:\VmShare\Win7x64\workspace\TranscodingCore\framezap-web\target\lib\default\transcoder.jar;Z:\VmShare\Win7x64\workspace\TranscodingCore\framezap-web\target\lib\external\servlet-api.jar;Z:\VmShare\Win7x64\workspace\TranscodingCore\framezap-web\target\lib\test\hamcrest-core.jar;Z:\VmShare\Win7x64\workspace\TranscodingCore\framezap-web\target\lib\test\junit.jar;Z:\VmShare\Win7x64\workspace\TranscodingCore\framezap-web;C:\Program Files (x86)\Java\jre1.5.0\lib\ext\QTJava.zip;C:\dev\pixelsimple\ant\apache-ant-1.8.2\lib\ant-launcher.jar;C:\dev\pixelsimple\ant\apache-ant-1.8.2\lib\ant.jar;C:\dev\pixelsimple\ant\apache-ant-1.8.2\lib\ant-junit.jar;C:\dev\pixelsimple\ant\apache-ant-1.8.2\lib\ant-junit4.jar" />
    <property name="ivy.default.ivy.user.dir" value="C:\Users\Shad0wfax\.ivy2" />
    <property name="user.home.ivy.instance" value="C:\Users\Shad0wfax" />
    <property name="basedir.ivy.instance" value="Z:\VmShare\Win7x64\workspace\TranscodingCore\framezap-web" />
    <property name="ant.library.dir" value="C:\dev\pixelsimple\ant\apache-ant-1.8.2\lib" />
    <property name="os.arch" value="amd64" />
    <property name="ant.file.type.abstract-ant-jar-build" value="file" />
    <property name="ivy.conf.file" value="Z:\VmShare\Win7x64\workspace\TranscodingCore\commons-build\ivysettings.xml" />
    <property name="java.awt.graphicsenv.ivy.instance" value="sun.awt.Win32GraphicsEnvironment" />
    <property name="java.vendor.url.bug.ivy.instance" value="http://java.sun.com/cgi-bin/bugreport.cgi" />
    <property name="java.vm.specification.version.ivy.instance" value="1.0" />
    <property name="ivy.local.dir" value="C:\Users\Shad0wfax/.ivy2/local" />
    <property name="sun.java.launcher" value="SUN_STANDARD" />
    <property name="java.awt.printerjob.ivy.instance" value="sun.awt.windows.WPrinterJob" />
    <property name="ivy.settings.dir.ivy.instance" value="Z:\VmShare\Win7x64\workspace\TranscodingCore\commons-build" />
    <property name="ant.core.lib" value="C:\dev\pixelsimple\ant\apache-ant-1.8.2\lib\ant.jar" />
    <property name="ivy.resolver.default.check.modified.ivy.instance" value="false" />
    <property name="java.vm.specification.vendor" value="Sun Microsystems Inc." />
    <property name="project.build.testDir" value="src/test/java" />
    <property name="ivy.settings.dir" value="Z:\VmShare\Win7x64\workspace\TranscodingCore\commons-build" />
    <property name="file.separator" value="\" />
    <property name="user.language.ivy.instance" value="en" />
    <property name="user.country.ivy.instance" value="US" />
    <property name="ivy.conf.url.ivy.instance" value="file:/Z:/VmShare/Win7x64/workspace/TranscodingCore/commons-build/ivysettings.xml" />
    <property name="java.runtime.version" value="1.6.0_26-b03" />
    <property name="java.specification.name.ivy.instance" value="Java Platform API Specification" />
    <property name="sun.boot.class.path" value="C:\Program Files\Java\jdk1.6.0_26\jre\lib\resources.jar;C:\Program Files\Java\jdk1.6.0_26\jre\lib\rt.jar;C:\Program Files\Java\jdk1.6.0_26\jre\lib\sunrsasign.jar;C:\Program Files\Java\jdk1.6.0_26\jre\lib\jsse.jar;C:\Program Files\Java\jdk1.6.0_26\jre\lib\jce.jar;C:\Program Files\Java\jdk1.6.0_26\jre\lib\charsets.jar;C:\Program Files\Java\jdk1.6.0_26\jre\lib\modules\jdk.boot.jar;C:\Program Files\Java\jdk1.6.0_26\jre\classes" />
    <property name="project.build.finalName" value="framezap-web-1.0-SNAPSHOT" />
    <property name="project.build.outputDir" value="target/classes" />
    <property name="ivy.conf.dir" value="Z:\VmShare\Win7x64\workspace\TranscodingCore\commons-build" />
    <property name="ivy.retrieve.pattern" value="target/lib/[artifact]-[revision](-[classifier]).[ext]" />
    <property name="user.country" value="US" />
    <property name="java.version.ivy.instance" value="1.6.0_26" />
    <property name="ivy.resolved.file" value="Z:\VmShare\Win7x64\workspace\TranscodingCore\framezap-web\ivy.xml" />
    <property name="os.arch.ivy.instance" value="amd64" />
    <property name="java.vendor" value="Sun Microsystems Inc." />
    <property name="ivy.project.dir" value="Z:\VmShare\Win7x64\workspace\TranscodingCore\framezap-web" />
    <property name="java.specification.version" value="1.6" />
    <property name="sun.arch.data.model" value="64" />
    <property name="ivy.buildlist.ivyfilepath" value="ivy.xml" />
  </properties>
  <testcase classname="BlahTest" name="test" time="0.014" />
  <system-out><![CDATA[]]></system-out>
  <system-err><![CDATA[]]></system-err>
</testsuite>
